<?xml version="1.0" encoding="UTF-8"?>
<!-- Generated by org.testng.reporters.JUnitReportReporter -->
<testsuite hostname="DESKTOP-KI27Q0G" failures="0" tests="3" name="com.cognizant.hackathon.Main.AppMain" time="60.793" errors="0" timestamp="2023-01-16T02:12:40 IST" skipped="0">
  <testcase classname="com.cognizant.hackathon.Main.AppMain" name="webDevelopmentTest" time="19.645"/>
  <system-out/>
  <testcase classname="com.cognizant.hackathon.Main.AppMain" name="languageLearningTest" time="13.400"/>
  <system-out/>
  <testcase classname="com.cognizant.hackathon.Main.AppMain" name="readyToTransFormTest" time="27.748"/>
  <system-out/>
</testsuite> <!-- com.cognizant.hackathon.Main.AppMain -->
