<?xml version="1.0" encoding="UTF-8"?>
<!-- Generated by org.testng.reporters.JUnitReportReporter -->
<testsuite hostname="DESKTOP-KI27Q0G" failures="0" tests="2" name="Main.AppMain" time="38.575" errors="0" timestamp="2023-01-05T02:19:10 IST" skipped="0">
  <testcase classname="Main.AppMain" name="webDevelopmentTest" time="18.651"/>
  <system-out/>
  <testcase classname="Main.AppMain" name="languageLearningTest" time="19.924"/>
  <system-out/>
</testsuite> <!-- Main.AppMain -->
