<?xml version="1.0" encoding="UTF-8"?>
<!-- Generated by org.testng.reporters.JUnitReportReporter -->
<testsuite hostname="DESKTOP-KI27Q0G" failures="0" tests="3" name="com.cognizant.hackathon.AppTest" time="62.770" errors="0" timestamp="2023-01-16T02:26:50 IST" skipped="0">
  <testcase classname="com.cognizant.hackathon.AppTest" name="webDevelopmentTest" time="23.238"/>
  <system-out/>
  <testcase classname="com.cognizant.hackathon.AppTest" name="languageLearningTest" time="12.915"/>
  <system-out/>
  <testcase classname="com.cognizant.hackathon.AppTest" name="readyToTransFormTest" time="26.617"/>
  <system-out/>
</testsuite> <!-- com.cognizant.hackathon.AppTest -->
